# JRE version: OpenJDK Runtime Environment (8.0_232-b09) (build 1.8.0_232-b09)
# Java VM: OpenJDK 64-Bit Server VM (25.232-b09 mixed mode windows-amd64 compressed oops)
Heap:
 PSYoungGen      total 143872K, used 58961K [0x00000000d5900000, 0x00000000df000000, 0x0000000100000000)
  eden space 133120K, 44% used [0x00000000d5900000,0x00000000d9294728,0x00000000ddb00000)
  from space 10752K, 0% used [0x00000000ddb00000,0x00000000ddb00000,0x00000000de580000)
  to   space 10240K, 0% used [0x00000000de600000,0x00000000de600000,0x00000000df000000)
 ParOldGen       total 120832K, used 34450K [0x0000000080a00000, 0x0000000088000000, 0x00000000d5900000)
  object space 120832K, 28% used [0x0000000080a00000,0x0000000082ba4be8,0x0000000088000000)
 Metaspace       used 36393K, capacity 37012K, committed 37248K, reserved 1083392K
  class space    used 3988K, capacity 4175K, committed 4224K, reserved 1048576K
GC Heap History (18 events):
Event: 0.729 GC heap before
{Heap before GC invocations=1 (full 0):
 PSYoungGen      total 38400K, used 33280K [0x00000000d5900000, 0x00000000d8380000, 0x0000000100000000)
  eden space 33280K, 100% used [0x00000000d5900000,0x00000000d7980000,0x00000000d7980000)
  from space 5120K, 0% used [0x00000000d7e80000,0x00000000d7e80000,0x00000000d8380000)
  to   space 5120K, 0% used [0x00000000d7980000,0x00000000d7980000,0x00000000d7e80000)
 ParOldGen       total 87552K, used 0K [0x0000000080a00000, 0x0000000085f80000, 0x00000000d5900000)
  object space 87552K, 0% used [0x0000000080a00000,0x0000000080a00000,0x0000000085f80000)
 Metaspace       used 8466K, capacity 8700K, committed 8832K, reserved 1056768K
  class space    used 968K, capacity 1052K, committed 1152K, reserved 1048576K
Event: 0.733 GC heap after
Heap after GC invocations=1 (full 0):
 PSYoungGen      total 38400K, used 5005K [0x00000000d5900000, 0x00000000d8380000, 0x0000000100000000)
  eden space 33280K, 0% used [0x00000000d5900000,0x00000000d5900000,0x00000000d7980000)
  from space 5120K, 97% used [0x00000000d7980000,0x00000000d7e63440,0x00000000d7e80000)
  to   space 5120K, 0% used [0x00000000d7e80000,0x00000000d7e80000,0x00000000d8380000)
 ParOldGen       total 87552K, used 16K [0x0000000080a00000, 0x0000000085f80000, 0x00000000d5900000)
  object space 87552K, 0% used [0x0000000080a00000,0x0000000080a04000,0x0000000085f80000)
 Metaspace       used 8466K, capacity 8700K, committed 8832K, reserved 1056768K
  class space    used 968K, capacity 1052K, committed 1152K, reserved 1048576K
}
Event: 1.253 GC heap before
{Heap before GC invocations=2 (full 0):
 PSYoungGen      total 38400K, used 38285K [0x00000000d5900000, 0x00000000d8380000, 0x0000000100000000)
  eden space 33280K, 100% used [0x00000000d5900000,0x00000000d7980000,0x00000000d7980000)
  from space 5120K, 97% used [0x00000000d7980000,0x00000000d7e63440,0x00000000d7e80000)
  to   space 5120K, 0% used [0x00000000d7e80000,0x00000000d7e80000,0x00000000d8380000)
 ParOldGen       total 87552K, used 16K [0x0000000080a00000, 0x0000000085f80000, 0x00000000d5900000)
  object space 87552K, 0% used [0x0000000080a00000,0x0000000080a04000,0x0000000085f80000)
 Metaspace       used 12568K, capacity 12796K, committed 13184K, reserved 1060864K
  class space    used 1496K, capacity 1579K, committed 1664K, reserved 1048576K
Event: 1.265 GC heap after
Heap after GC invocations=2 (full 0):
 PSYoungGen      total 38400K, used 5112K [0x00000000d5900000, 0x00000000da400000, 0x0000000100000000)
  eden space 33280K, 0% used [0x00000000d5900000,0x00000000d5900000,0x00000000d7980000)
  from space 5120K, 99% used [0x00000000d7e80000,0x00000000d837e3b8,0x00000000d8380000)
  to   space 5120K, 0% used [0x00000000d7980000,0x00000000d7980000,0x00000000d7e80000)
 ParOldGen       total 87552K, used 2682K [0x0000000080a00000, 0x0000000085f80000, 0x00000000d5900000)
  object space 87552K, 3% used [0x0000000080a00000,0x0000000080c9e858,0x0000000085f80000)
 Metaspace       used 12568K, capacity 12796K, committed 13184K, reserved 1060864K
  class space    used 1496K, capacity 1579K, committed 1664K, reserved 1048576K
}
Event: 2.179 GC heap before
{Heap before GC invocations=3 (full 0):
 PSYoungGen      total 38400K, used 38392K [0x00000000d5900000, 0x00000000da400000, 0x0000000100000000)
  eden space 33280K, 100% used [0x00000000d5900000,0x00000000d7980000,0x00000000d7980000)
  from space 5120K, 99% used [0x00000000d7e80000,0x00000000d837e3b8,0x00000000d8380000)
  to   space 5120K, 0% used [0x00000000d7980000,0x00000000d7980000,0x00000000d7e80000)
 ParOldGen       total 87552K, used 2682K [0x0000000080a00000, 0x0000000085f80000, 0x00000000d5900000)
  object space 87552K, 3% used [0x0000000080a00000,0x0000000080c9e858,0x0000000085f80000)
 Metaspace       used 15564K, capacity 15864K, committed 16000K, reserved 1062912K
  class space    used 1794K, capacity 1885K, committed 1920K, reserved 1048576K
Event: 2.188 GC heap after
Heap after GC invocations=3 (full 0):
 PSYoungGen      total 38400K, used 5117K [0x00000000d5900000, 0x00000000da400000, 0x0000000100000000)
  eden space 33280K, 0% used [0x00000000d5900000,0x00000000d5900000,0x00000000d7980000)
  from space 5120K, 99% used [0x00000000d7980000,0x00000000d7e7f630,0x00000000d7e80000)
  to   space 5120K, 0% used [0x00000000d9f00000,0x00000000d9f00000,0x00000000da400000)
 ParOldGen       total 87552K, used 5314K [0x0000000080a00000, 0x0000000085f80000, 0x00000000d5900000)
  object space 87552K, 6% used [0x0000000080a00000,0x0000000080f30800,0x0000000085f80000)
 Metaspace       used 15564K, capacity 15864K, committed 16000K, reserved 1062912K
  class space    used 1794K, capacity 1885K, committed 1920K, reserved 1048576K
}
Event: 2.791 GC heap before
{Heap before GC invocations=4 (full 0):
 PSYoungGen      total 38400K, used 38397K [0x00000000d5900000, 0x00000000da400000, 0x0000000100000000)
  eden space 33280K, 100% used [0x00000000d5900000,0x00000000d7980000,0x00000000d7980000)
  from space 5120K, 99% used [0x00000000d7980000,0x00000000d7e7f630,0x00000000d7e80000)
  to   space 5120K, 0% used [0x00000000d9f00000,0x00000000d9f00000,0x00000000da400000)
 ParOldGen       total 87552K, used 5314K [0x0000000080a00000, 0x0000000085f80000, 0x00000000d5900000)
  object space 87552K, 6% used [0x0000000080a00000,0x0000000080f30800,0x0000000085f80000)
 Metaspace       used 16059K, capacity 16414K, committed 16512K, reserved 1064960K
  class space    used 1810K, capacity 1918K, committed 1920K, reserved 1048576K
Event: 2.801 GC heap after
Heap after GC invocations=4 (full 0):
 PSYoungGen      total 71680K, used 5117K [0x00000000d5900000, 0x00000000da400000, 0x0000000100000000)
  eden space 66560K, 0% used [0x00000000d5900000,0x00000000d5900000,0x00000000d9a00000)
  from space 5120K, 99% used [0x00000000d9f00000,0x00000000da3ff650,0x00000000da400000)
  to   space 5120K, 0% used [0x00000000d9a00000,0x00000000d9a00000,0x00000000d9f00000)
 ParOldGen       total 87552K, used 7255K [0x0000000080a00000, 0x0000000085f80000, 0x00000000d5900000)
  object space 87552K, 8% used [0x0000000080a00000,0x0000000081115c48,0x0000000085f80000)
 Metaspace       used 16059K, capacity 16414K, committed 16512K, reserved 1064960K
  class space    used 1810K, capacity 1918K, committed 1920K, reserved 1048576K
}
Event: 3.882 GC heap before
{Heap before GC invocations=5 (full 0):
 PSYoungGen      total 71680K, used 71677K [0x00000000d5900000, 0x00000000da400000, 0x0000000100000000)
  eden space 66560K, 100% used [0x00000000d5900000,0x00000000d9a00000,0x00000000d9a00000)
  from space 5120K, 99% used [0x00000000d9f00000,0x00000000da3ff650,0x00000000da400000)
  to   space 5120K, 0% used [0x00000000d9a00000,0x00000000d9a00000,0x00000000d9f00000)
 ParOldGen       total 87552K, used 7255K [0x0000000080a00000, 0x0000000085f80000, 0x00000000d5900000)
  object space 87552K, 8% used [0x0000000080a00000,0x0000000081115c48,0x0000000085f80000)
 Metaspace       used 18461K, capacity 18904K, committed 19200K, reserved 1067008K
  class space    used 2122K, capacity 2233K, committed 2304K, reserved 1048576K
Event: 3.911 GC heap after
Heap after GC invocations=5 (full 0):
 PSYoungGen      total 71680K, used 5104K [0x00000000d5900000, 0x00000000df100000, 0x0000000100000000)
  eden space 66560K, 0% used [0x00000000d5900000,0x00000000d5900000,0x00000000d9a00000)
  from space 5120K, 99% used [0x00000000d9a00000,0x00000000d9efc010,0x00000000d9f00000)
  to   space 11264K, 0% used [0x00000000de600000,0x00000000de600000,0x00000000df100000)
 ParOldGen       total 87552K, used 12803K [0x0000000080a00000, 0x0000000085f80000, 0x00000000d5900000)
  object space 87552K, 14% used [0x0000000080a00000,0x0000000081680f08,0x0000000085f80000)
 Metaspace       used 18461K, capacity 18904K, committed 19200K, reserved 1067008K
  class space    used 2122K, capacity 2233K, committed 2304K, reserved 1048576K
}
Event: 4.286 GC heap before
{Heap before GC invocations=6 (full 0):
 PSYoungGen      total 71680K, used 24902K [0x00000000d5900000, 0x00000000df100000, 0x0000000100000000)
  eden space 66560K, 29% used [0x00000000d5900000,0x00000000d6c55928,0x00000000d9a00000)
  from space 5120K, 99% used [0x00000000d9a00000,0x00000000d9efc010,0x00000000d9f00000)
  to   space 11264K, 0% used [0x00000000de600000,0x00000000de600000,0x00000000df100000)
 ParOldGen       total 87552K, used 12803K [0x0000000080a00000, 0x0000000085f80000, 0x00000000d5900000)
  object space 87552K, 14% used [0x0000000080a00000,0x0000000081680f08,0x0000000085f80000)
 Metaspace       used 20654K, capacity 21120K, committed 21248K, reserved 1069056K
  class space    used 2383K, capacity 2505K, committed 2560K, reserved 1048576K
Event: 4.295 GC heap after
Heap after GC invocations=6 (full 0):
 PSYoungGen      total 143360K, used 6711K [0x00000000d5900000, 0x00000000df000000, 0x0000000100000000)
  eden space 133120K, 0% used [0x00000000d5900000,0x00000000d5900000,0x00000000ddb00000)
  from space 10240K, 65% used [0x00000000de600000,0x00000000dec8df80,0x00000000df000000)
  to   space 10752K, 0% used [0x00000000ddb00000,0x00000000ddb00000,0x00000000de580000)
 ParOldGen       total 87552K, used 12811K [0x0000000080a00000, 0x0000000085f80000, 0x00000000d5900000)
  object space 87552K, 14% used [0x0000000080a00000,0x0000000081682f08,0x0000000085f80000)
 Metaspace       used 20654K, capacity 21120K, committed 21248K, reserved 1069056K
  class space    used 2383K, capacity 2505K, committed 2560K, reserved 1048576K
}
Event: 4.295 GC heap before
{Heap before GC invocations=7 (full 1):
 PSYoungGen      total 143360K, used 6711K [0x00000000d5900000, 0x00000000df000000, 0x0000000100000000)
  eden space 133120K, 0% used [0x00000000d5900000,0x00000000d5900000,0x00000000ddb00000)
  from space 10240K, 65% used [0x00000000de600000,0x00000000dec8df80,0x00000000df000000)
  to   space 10752K, 0% used [0x00000000ddb00000,0x00000000ddb00000,0x00000000de580000)
 ParOldGen       total 87552K, used 12811K [0x0000000080a00000, 0x0000000085f80000, 0x00000000d5900000)
  object space 87552K, 14% used [0x0000000080a00000,0x0000000081682f08,0x0000000085f80000)
 Metaspace       used 20654K, capacity 21120K, committed 21248K, reserved 1069056K
  class space    used 2383K, capacity 2505K, committed 2560K, reserved 1048576K
Event: 4.345 GC heap after
Heap after GC invocations=7 (full 1):
 PSYoungGen      total 143360K, used 0K [0x00000000d5900000, 0x00000000df000000, 0x0000000100000000)
  eden space 133120K, 0% used [0x00000000d5900000,0x00000000d5900000,0x00000000ddb00000)
  from space 10240K, 0% used [0x00000000de600000,0x00000000de600000,0x00000000df000000)
  to   space 10752K, 0% used [0x00000000ddb00000,0x00000000ddb00000,0x00000000de580000)
 ParOldGen       total 64000K, used 11930K [0x0000000080a00000, 0x0000000084880000, 0x00000000d5900000)
  object space 64000K, 18% used [0x0000000080a00000,0x00000000815a68e8,0x0000000084880000)
 Metaspace       used 20654K, capacity 21120K, committed 21248K, reserved 1069056K
  class space    used 2383K, capacity 2505K, committed 2560K, reserved 1048576K
}
Event: 6.455 GC heap before
{Heap before GC invocations=8 (full 1):
 PSYoungGen      total 143360K, used 105201K [0x00000000d5900000, 0x00000000df000000, 0x0000000100000000)
  eden space 133120K, 79% used [0x00000000d5900000,0x00000000dbfbc490,0x00000000ddb00000)
  from space 10240K, 0% used [0x00000000de600000,0x00000000de600000,0x00000000df000000)
  to   space 10752K, 0% used [0x00000000ddb00000,0x00000000ddb00000,0x00000000de580000)
 ParOldGen       total 64000K, used 11930K [0x0000000080a00000, 0x0000000084880000, 0x00000000d5900000)
  object space 64000K, 18% used [0x0000000080a00000,0x00000000815a68e8,0x0000000084880000)
 Metaspace       used 34642K, capacity 35156K, committed 35416K, reserved 1081344K
  class space    used 3841K, capacity 3983K, committed 4096K, reserved 1048576K
Event: 6.474 GC heap after
Heap after GC invocations=8 (full 1):
 PSYoungGen      total 143872K, used 10746K [0x00000000d5900000, 0x00000000df000000, 0x0000000100000000)
  eden space 133120K, 0% used [0x00000000d5900000,0x00000000d5900000,0x00000000ddb00000)
  from space 10752K, 99% used [0x00000000ddb00000,0x00000000de57eb88,0x00000000de580000)
  to   space 10240K, 0% used [0x00000000de600000,0x00000000de600000,0x00000000df000000)
 ParOldGen       total 64000K, used 24589K [0x0000000080a00000, 0x0000000084880000, 0x00000000d5900000)
  object space 64000K, 38% used [0x0000000080a00000,0x0000000082203660,0x0000000084880000)
 Metaspace       used 34642K, capacity 35156K, committed 35416K, reserved 1081344K
  class space    used 3841K, capacity 3983K, committed 4096K, reserved 1048576K
}
Event: 6.474 GC heap before
{Heap before GC invocations=9 (full 2):
 PSYoungGen      total 143872K, used 10746K [0x00000000d5900000, 0x00000000df000000, 0x0000000100000000)
  eden space 133120K, 0% used [0x00000000d5900000,0x00000000d5900000,0x00000000ddb00000)
  from space 10752K, 99% used [0x00000000ddb00000,0x00000000de57eb88,0x00000000de580000)
  to   space 10240K, 0% used [0x00000000de600000,0x00000000de600000,0x00000000df000000)
 ParOldGen       total 64000K, used 24589K [0x0000000080a00000, 0x0000000084880000, 0x00000000d5900000)
  object space 64000K, 38% used [0x0000000080a00000,0x0000000082203660,0x0000000084880000)
 Metaspace       used 34642K, capacity 35156K, committed 35416K, reserved 1081344K
  class space    used 3841K, capacity 3983K, committed 4096K, reserved 1048576K
Event: 6.578 GC heap after
Heap after GC invocations=9 (full 2):
 PSYoungGen      total 143872K, used 0K [0x00000000d5900000, 0x00000000df000000, 0x0000000100000000)
  eden space 133120K, 0% used [0x00000000d5900000,0x00000000d5900000,0x00000000ddb00000)
  from space 10752K, 0% used [0x00000000ddb00000,0x00000000ddb00000,0x00000000de580000)
  to   space 10240K, 0% used [0x00000000de600000,0x00000000de600000,0x00000000df000000)
 ParOldGen       total 120832K, used 34450K [0x0000000080a00000, 0x0000000088000000, 0x00000000d5900000)
  object space 120832K, 28% used [0x0000000080a00000,0x0000000082ba4be8,0x0000000088000000)
 Metaspace       used 34642K, capacity 35156K, committed 35416K, reserved 1081344K
  class space    used 3841K, capacity 3983K, committed 4096K, reserved 1048576K
}

