# JRE version: OpenJDK Runtime Environment (8.0_232-b09) (build 1.8.0_232-b09)
# Java VM: OpenJDK 64-Bit Server VM (25.232-b09 mixed mode windows-amd64 compressed oops)
Heap:
 PSYoungGen      total 71680K, used 55474K [0x00000000d5900000, 0x00000000dcc00000, 0x0000000100000000)
  eden space 66560K, 83% used [0x00000000d5900000,0x00000000d8f2c8e8,0x00000000d9a00000)
  from space 5120K, 0% used [0x00000000d9a00000,0x00000000d9a00000,0x00000000d9f00000)
  to   space 14336K, 0% used [0x00000000dbe00000,0x00000000dbe00000,0x00000000dcc00000)
 ParOldGen       total 68608K, used 26856K [0x0000000080a00000, 0x0000000084d00000, 0x00000000d5900000)
  object space 68608K, 39% used [0x0000000080a00000,0x000000008243a090,0x0000000084d00000)
 Metaspace       used 36252K, capacity 36896K, committed 37248K, reserved 1085440K
  class space    used 3986K, capacity 4175K, committed 4224K, reserved 1048576K
GC Heap History (24 events):
Event: 0.875 GC heap before
{Heap before GC invocations=1 (full 0):
 PSYoungGen      total 38400K, used 33280K [0x00000000d5900000, 0x00000000d8380000, 0x0000000100000000)
  eden space 33280K, 100% used [0x00000000d5900000,0x00000000d7980000,0x00000000d7980000)
  from space 5120K, 0% used [0x00000000d7e80000,0x00000000d7e80000,0x00000000d8380000)
  to   space 5120K, 0% used [0x00000000d7980000,0x00000000d7980000,0x00000000d7e80000)
 ParOldGen       total 87552K, used 0K [0x0000000080a00000, 0x0000000085f80000, 0x00000000d5900000)
  object space 87552K, 0% used [0x0000000080a00000,0x0000000080a00000,0x0000000085f80000)
 Metaspace       used 8483K, capacity 8712K, committed 8832K, reserved 1056768K
  class space    used 968K, capacity 1052K, committed 1152K, reserved 1048576K
Event: 0.881 GC heap after
Heap after GC invocations=1 (full 0):
 PSYoungGen      total 38400K, used 5068K [0x00000000d5900000, 0x00000000d8380000, 0x0000000100000000)
  eden space 33280K, 0% used [0x00000000d5900000,0x00000000d5900000,0x00000000d7980000)
  from space 5120K, 98% used [0x00000000d7980000,0x00000000d7e73078,0x00000000d7e80000)
  to   space 5120K, 0% used [0x00000000d7e80000,0x00000000d7e80000,0x00000000d8380000)
 ParOldGen       total 87552K, used 8K [0x0000000080a00000, 0x0000000085f80000, 0x00000000d5900000)
  object space 87552K, 0% used [0x0000000080a00000,0x0000000080a02000,0x0000000085f80000)
 Metaspace       used 8483K, capacity 8712K, committed 8832K, reserved 1056768K
  class space    used 968K, capacity 1052K, committed 1152K, reserved 1048576K
}
Event: 1.433 GC heap before
{Heap before GC invocations=2 (full 0):
 PSYoungGen      total 38400K, used 38348K [0x00000000d5900000, 0x00000000d8380000, 0x0000000100000000)
  eden space 33280K, 100% used [0x00000000d5900000,0x00000000d7980000,0x00000000d7980000)
  from space 5120K, 98% used [0x00000000d7980000,0x00000000d7e73078,0x00000000d7e80000)
  to   space 5120K, 0% used [0x00000000d7e80000,0x00000000d7e80000,0x00000000d8380000)
 ParOldGen       total 87552K, used 8K [0x0000000080a00000, 0x0000000085f80000, 0x00000000d5900000)
  object space 87552K, 0% used [0x0000000080a00000,0x0000000080a02000,0x0000000085f80000)
 Metaspace       used 12566K, capacity 12808K, committed 13184K, reserved 1060864K
  class space    used 1496K, capacity 1579K, committed 1664K, reserved 1048576K
Event: 1.442 GC heap after
Heap after GC invocations=2 (full 0):
 PSYoungGen      total 38400K, used 5100K [0x00000000d5900000, 0x00000000da400000, 0x0000000100000000)
  eden space 33280K, 0% used [0x00000000d5900000,0x00000000d5900000,0x00000000d7980000)
  from space 5120K, 99% used [0x00000000d7e80000,0x00000000d837b1f0,0x00000000d8380000)
  to   space 5120K, 0% used [0x00000000d7980000,0x00000000d7980000,0x00000000d7e80000)
 ParOldGen       total 87552K, used 2765K [0x0000000080a00000, 0x0000000085f80000, 0x00000000d5900000)
  object space 87552K, 3% used [0x0000000080a00000,0x0000000080cb3518,0x0000000085f80000)
 Metaspace       used 12566K, capacity 12808K, committed 13184K, reserved 1060864K
  class space    used 1496K, capacity 1579K, committed 1664K, reserved 1048576K
}
Event: 2.574 GC heap before
{Heap before GC invocations=3 (full 0):
 PSYoungGen      total 38400K, used 38380K [0x00000000d5900000, 0x00000000da400000, 0x0000000100000000)
  eden space 33280K, 100% used [0x00000000d5900000,0x00000000d7980000,0x00000000d7980000)
  from space 5120K, 99% used [0x00000000d7e80000,0x00000000d837b1f0,0x00000000d8380000)
  to   space 5120K, 0% used [0x00000000d7980000,0x00000000d7980000,0x00000000d7e80000)
 ParOldGen       total 87552K, used 2765K [0x0000000080a00000, 0x0000000085f80000, 0x00000000d5900000)
  object space 87552K, 3% used [0x0000000080a00000,0x0000000080cb3518,0x0000000085f80000)
 Metaspace       used 15559K, capacity 15876K, committed 16000K, reserved 1062912K
  class space    used 1794K, capacity 1885K, committed 1920K, reserved 1048576K
Event: 2.586 GC heap after
Heap after GC invocations=3 (full 0):
 PSYoungGen      total 38400K, used 5101K [0x00000000d5900000, 0x00000000da400000, 0x0000000100000000)
  eden space 33280K, 0% used [0x00000000d5900000,0x00000000d5900000,0x00000000d7980000)
  from space 5120K, 99% used [0x00000000d7980000,0x00000000d7e7b620,0x00000000d7e80000)
  to   space 5120K, 0% used [0x00000000d9f00000,0x00000000d9f00000,0x00000000da400000)
 ParOldGen       total 87552K, used 5422K [0x0000000080a00000, 0x0000000085f80000, 0x00000000d5900000)
  object space 87552K, 6% used [0x0000000080a00000,0x0000000080f4b978,0x0000000085f80000)
 Metaspace       used 15559K, capacity 15876K, committed 16000K, reserved 1062912K
  class space    used 1794K, capacity 1885K, committed 1920K, reserved 1048576K
}
Event: 3.257 GC heap before
{Heap before GC invocations=4 (full 0):
 PSYoungGen      total 38400K, used 38381K [0x00000000d5900000, 0x00000000da400000, 0x0000000100000000)
  eden space 33280K, 100% used [0x00000000d5900000,0x00000000d7980000,0x00000000d7980000)
  from space 5120K, 99% used [0x00000000d7980000,0x00000000d7e7b620,0x00000000d7e80000)
  to   space 5120K, 0% used [0x00000000d9f00000,0x00000000d9f00000,0x00000000da400000)
 ParOldGen       total 87552K, used 5422K [0x0000000080a00000, 0x0000000085f80000, 0x00000000d5900000)
  object space 87552K, 6% used [0x0000000080a00000,0x0000000080f4b978,0x0000000085f80000)
 Metaspace       used 16050K, capacity 16362K, committed 16512K, reserved 1064960K
  class space    used 1810K, capacity 1918K, committed 1920K, reserved 1048576K
Event: 3.265 GC heap after
Heap after GC invocations=4 (full 0):
 PSYoungGen      total 71680K, used 5101K [0x00000000d5900000, 0x00000000da400000, 0x0000000100000000)
  eden space 66560K, 0% used [0x00000000d5900000,0x00000000d5900000,0x00000000d9a00000)
  from space 5120K, 99% used [0x00000000d9f00000,0x00000000da3fb640,0x00000000da400000)
  to   space 5120K, 0% used [0x00000000d9a00000,0x00000000d9a00000,0x00000000d9f00000)
 ParOldGen       total 87552K, used 7470K [0x0000000080a00000, 0x0000000085f80000, 0x00000000d5900000)
  object space 87552K, 8% used [0x0000000080a00000,0x000000008114b948,0x0000000085f80000)
 Metaspace       used 16050K, capacity 16362K, committed 16512K, reserved 1064960K
  class space    used 1810K, capacity 1918K, committed 1920K, reserved 1048576K
}
Event: 4.639 GC heap before
{Heap before GC invocations=5 (full 0):
 PSYoungGen      total 71680K, used 71661K [0x00000000d5900000, 0x00000000da400000, 0x0000000100000000)
  eden space 66560K, 100% used [0x00000000d5900000,0x00000000d9a00000,0x00000000d9a00000)
  from space 5120K, 99% used [0x00000000d9f00000,0x00000000da3fb640,0x00000000da400000)
  to   space 5120K, 0% used [0x00000000d9a00000,0x00000000d9a00000,0x00000000d9f00000)
 ParOldGen       total 87552K, used 7470K [0x0000000080a00000, 0x0000000085f80000, 0x00000000d5900000)
  object space 87552K, 8% used [0x0000000080a00000,0x000000008114b948,0x0000000085f80000)
 Metaspace       used 18460K, capacity 18916K, committed 19200K, reserved 1067008K
  class space    used 2122K, capacity 2233K, committed 2304K, reserved 1048576K
Event: 4.655 GC heap after
Heap after GC invocations=5 (full 0):
 PSYoungGen      total 71680K, used 5117K [0x00000000d5900000, 0x00000000da400000, 0x0000000100000000)
  eden space 66560K, 0% used [0x00000000d5900000,0x00000000d5900000,0x00000000d9a00000)
  from space 5120K, 99% used [0x00000000d9a00000,0x00000000d9eff610,0x00000000d9f00000)
  to   space 5120K, 0% used [0x00000000d9f00000,0x00000000d9f00000,0x00000000da400000)
 ParOldGen       total 87552K, used 12935K [0x0000000080a00000, 0x0000000085f80000, 0x00000000d5900000)
  object space 87552K, 14% used [0x0000000080a00000,0x00000000816a1db8,0x0000000085f80000)
 Metaspace       used 18460K, capacity 18916K, committed 19200K, reserved 1067008K
  class space    used 2122K, capacity 2233K, committed 2304K, reserved 1048576K
}
Event: 5.152 GC heap before
{Heap before GC invocations=6 (full 0):
 PSYoungGen      total 71680K, used 23760K [0x00000000d5900000, 0x00000000da400000, 0x0000000100000000)
  eden space 66560K, 28% used [0x00000000d5900000,0x00000000d6b34c98,0x00000000d9a00000)
  from space 5120K, 99% used [0x00000000d9a00000,0x00000000d9eff610,0x00000000d9f00000)
  to   space 5120K, 0% used [0x00000000d9f00000,0x00000000d9f00000,0x00000000da400000)
 ParOldGen       total 87552K, used 12935K [0x0000000080a00000, 0x0000000085f80000, 0x00000000d5900000)
  object space 87552K, 14% used [0x0000000080a00000,0x00000000816a1db8,0x0000000085f80000)
 Metaspace       used 20668K, capacity 21132K, committed 21248K, reserved 1069056K
  class space    used 2384K, capacity 2505K, committed 2560K, reserved 1048576K
Event: 5.167 GC heap after
Heap after GC invocations=6 (full 0):
 PSYoungGen      total 71680K, used 5101K [0x00000000d5900000, 0x00000000da400000, 0x0000000100000000)
  eden space 66560K, 0% used [0x00000000d5900000,0x00000000d5900000,0x00000000d9a00000)
  from space 5120K, 99% used [0x00000000d9f00000,0x00000000da3fb640,0x00000000da400000)
  to   space 5120K, 0% used [0x00000000d9a00000,0x00000000d9a00000,0x00000000d9f00000)
 ParOldGen       total 87552K, used 14590K [0x0000000080a00000, 0x0000000085f80000, 0x00000000d5900000)
  object space 87552K, 16% used [0x0000000080a00000,0x000000008183fa60,0x0000000085f80000)
 Metaspace       used 20668K, capacity 21132K, committed 21248K, reserved 1069056K
  class space    used 2384K, capacity 2505K, committed 2560K, reserved 1048576K
}
Event: 5.167 GC heap before
{Heap before GC invocations=7 (full 1):
 PSYoungGen      total 71680K, used 5101K [0x00000000d5900000, 0x00000000da400000, 0x0000000100000000)
  eden space 66560K, 0% used [0x00000000d5900000,0x00000000d5900000,0x00000000d9a00000)
  from space 5120K, 99% used [0x00000000d9f00000,0x00000000da3fb640,0x00000000da400000)
  to   space 5120K, 0% used [0x00000000d9a00000,0x00000000d9a00000,0x00000000d9f00000)
 ParOldGen       total 87552K, used 14590K [0x0000000080a00000, 0x0000000085f80000, 0x00000000d5900000)
  object space 87552K, 16% used [0x0000000080a00000,0x000000008183fa60,0x0000000085f80000)
 Metaspace       used 20668K, capacity 21132K, committed 21248K, reserved 1069056K
  class space    used 2384K, capacity 2505K, committed 2560K, reserved 1048576K
Event: 5.233 GC heap after
Heap after GC invocations=7 (full 1):
 PSYoungGen      total 71680K, used 0K [0x00000000d5900000, 0x00000000da400000, 0x0000000100000000)
  eden space 66560K, 0% used [0x00000000d5900000,0x00000000d5900000,0x00000000d9a00000)
  from space 5120K, 0% used [0x00000000d9f00000,0x00000000d9f00000,0x00000000da400000)
  to   space 5120K, 0% used [0x00000000d9a00000,0x00000000d9a00000,0x00000000d9f00000)
 ParOldGen       total 68608K, used 14469K [0x0000000080a00000, 0x0000000084d00000, 0x00000000d5900000)
  object space 68608K, 21% used [0x0000000080a00000,0x0000000081821430,0x0000000084d00000)
 Metaspace       used 20668K, capacity 21132K, committed 21248K, reserved 1069056K
  class space    used 2384K, capacity 2505K, committed 2560K, reserved 1048576K
}
Event: 6.749 GC heap before
{Heap before GC invocations=8 (full 1):
 PSYoungGen      total 71680K, used 66560K [0x00000000d5900000, 0x00000000da400000, 0x0000000100000000)
  eden space 66560K, 100% used [0x00000000d5900000,0x00000000d9a00000,0x00000000d9a00000)
  from space 5120K, 0% used [0x00000000d9f00000,0x00000000d9f00000,0x00000000da400000)
  to   space 5120K, 0% used [0x00000000d9a00000,0x00000000d9a00000,0x00000000d9f00000)
 ParOldGen       total 68608K, used 14469K [0x0000000080a00000, 0x0000000084d00000, 0x00000000d5900000)
  object space 68608K, 21% used [0x0000000080a00000,0x0000000081821430,0x0000000084d00000)
 Metaspace       used 27521K, capacity 28128K, committed 28416K, reserved 1075200K
  class space    used 3042K, capacity 3215K, committed 3328K, reserved 1048576K
Event: 6.771 GC heap after
Heap after GC invocations=8 (full 1):
 PSYoungGen      total 71680K, used 5091K [0x00000000d5900000, 0x00000000dd980000, 0x0000000100000000)
  eden space 66560K, 0% used [0x00000000d5900000,0x00000000d5900000,0x00000000d9a00000)
  from space 5120K, 99% used [0x00000000d9a00000,0x00000000d9ef8c10,0x00000000d9f00000)
  to   space 14336K, 0% used [0x00000000dcb80000,0x00000000dcb80000,0x00000000dd980000)
 ParOldGen       total 68608K, used 25138K [0x0000000080a00000, 0x0000000084d00000, 0x00000000d5900000)
  object space 68608K, 36% used [0x0000000080a00000,0x000000008228c8b0,0x0000000084d00000)
 Metaspace       used 27521K, capacity 28128K, committed 28416K, reserved 1075200K
  class space    used 3042K, capacity 3215K, committed 3328K, reserved 1048576K
}
Event: 7.053 GC heap before
{Heap before GC invocations=9 (full 1):
 PSYoungGen      total 71680K, used 21019K [0x00000000d5900000, 0x00000000dd980000, 0x0000000100000000)
  eden space 66560K, 23% used [0x00000000d5900000,0x00000000d688e360,0x00000000d9a00000)
  from space 5120K, 99% used [0x00000000d9a00000,0x00000000d9ef8c10,0x00000000d9f00000)
  to   space 14336K, 0% used [0x00000000dcb80000,0x00000000dcb80000,0x00000000dd980000)
 ParOldGen       total 68608K, used 25138K [0x0000000080a00000, 0x0000000084d00000, 0x00000000d5900000)
  object space 68608K, 36% used [0x0000000080a00000,0x000000008228c8b0,0x0000000084d00000)
 Metaspace       used 30732K, capacity 31296K, committed 31488K, reserved 1081344K
  class space    used 3341K, capacity 3503K, committed 3584K, reserved 1048576K
Event: 7.065 GC heap after
Heap after GC invocations=9 (full 1):
 PSYoungGen      total 80896K, used 8314K [0x00000000d5900000, 0x00000000dd980000, 0x0000000100000000)
  eden space 66560K, 0% used [0x00000000d5900000,0x00000000d5900000,0x00000000d9a00000)
  from space 14336K, 57% used [0x00000000dcb80000,0x00000000dd39eb60,0x00000000dd980000)
  to   space 5120K, 0% used [0x00000000d9a00000,0x00000000d9a00000,0x00000000d9f00000)
 ParOldGen       total 68608K, used 25146K [0x0000000080a00000, 0x0000000084d00000, 0x00000000d5900000)
  object space 68608K, 36% used [0x0000000080a00000,0x000000008228e8b0,0x0000000084d00000)
 Metaspace       used 30732K, capacity 31296K, committed 31488K, reserved 1081344K
  class space    used 3341K, capacity 3503K, committed 3584K, reserved 1048576K
}
Event: 7.065 GC heap before
{Heap before GC invocations=10 (full 2):
 PSYoungGen      total 80896K, used 8314K [0x00000000d5900000, 0x00000000dd980000, 0x0000000100000000)
  eden space 66560K, 0% used [0x00000000d5900000,0x00000000d5900000,0x00000000d9a00000)
  from space 14336K, 57% used [0x00000000dcb80000,0x00000000dd39eb60,0x00000000dd980000)
  to   space 5120K, 0% used [0x00000000d9a00000,0x00000000d9a00000,0x00000000d9f00000)
 ParOldGen       total 68608K, used 25146K [0x0000000080a00000, 0x0000000084d00000, 0x00000000d5900000)
  object space 68608K, 36% used [0x0000000080a00000,0x000000008228e8b0,0x0000000084d00000)
 Metaspace       used 30732K, capacity 31296K, committed 31488K, reserved 1081344K
  class space    used 3341K, capacity 3503K, committed 3584K, reserved 1048576K
Event: 7.172 GC heap after
Heap after GC invocations=10 (full 2):
 PSYoungGen      total 80896K, used 0K [0x00000000d5900000, 0x00000000dd980000, 0x0000000100000000)
  eden space 66560K, 0% used [0x00000000d5900000,0x00000000d5900000,0x00000000d9a00000)
  from space 14336K, 0% used [0x00000000dcb80000,0x00000000dcb80000,0x00000000dd980000)
  to   space 5120K, 0% used [0x00000000d9a00000,0x00000000d9a00000,0x00000000d9f00000)
 ParOldGen       total 68608K, used 29865K [0x0000000080a00000, 0x0000000084d00000, 0x00000000d5900000)
  object space 68608K, 43% used [0x0000000080a00000,0x000000008272a628,0x0000000084d00000)
 Metaspace       used 30732K, capacity 31296K, committed 31488K, reserved 1079296K
  class space    used 3341K, capacity 3503K, committed 3584K, reserved 1048576K
}
Event: 7.625 GC heap before
{Heap before GC invocations=11 (full 2):
 PSYoungGen      total 80896K, used 18567K [0x00000000d5900000, 0x00000000dd980000, 0x0000000100000000)
  eden space 66560K, 27% used [0x00000000d5900000,0x00000000d6b21d08,0x00000000d9a00000)
  from space 14336K, 0% used [0x00000000dcb80000,0x00000000dcb80000,0x00000000dd980000)
  to   space 5120K, 0% used [0x00000000d9a00000,0x00000000d9a00000,0x00000000d9f00000)
 ParOldGen       total 68608K, used 29865K [0x0000000080a00000, 0x0000000084d00000, 0x00000000d5900000)
  object space 68608K, 43% used [0x0000000080a00000,0x000000008272a628,0x0000000084d00000)
 Metaspace       used 34311K, capacity 34816K, committed 34944K, reserved 1087488K
  class space    used 3809K, capacity 3951K, committed 3968K, reserved 1048576K
Event: 7.629 GC heap after
Heap after GC invocations=11 (full 2):
 PSYoungGen      total 71680K, used 4085K [0x00000000d5900000, 0x00000000dcc00000, 0x0000000100000000)
  eden space 66560K, 0% used [0x00000000d5900000,0x00000000d5900000,0x00000000d9a00000)
  from space 5120K, 79% used [0x00000000d9a00000,0x00000000d9dfd5d8,0x00000000d9f00000)
  to   space 14336K, 0% used [0x00000000dbe00000,0x00000000dbe00000,0x00000000dcc00000)
 ParOldGen       total 68608K, used 29873K [0x0000000080a00000, 0x0000000084d00000, 0x00000000d5900000)
  object space 68608K, 43% used [0x0000000080a00000,0x000000008272c628,0x0000000084d00000)
 Metaspace       used 34311K, capacity 34816K, committed 34944K, reserved 1087488K
  class space    used 3809K, capacity 3951K, committed 3968K, reserved 1048576K
}
Event: 7.629 GC heap before
{Heap before GC invocations=12 (full 3):
 PSYoungGen      total 71680K, used 4085K [0x00000000d5900000, 0x00000000dcc00000, 0x0000000100000000)
  eden space 66560K, 0% used [0x00000000d5900000,0x00000000d5900000,0x00000000d9a00000)
  from space 5120K, 79% used [0x00000000d9a00000,0x00000000d9dfd5d8,0x00000000d9f00000)
  to   space 14336K, 0% used [0x00000000dbe00000,0x00000000dbe00000,0x00000000dcc00000)
 ParOldGen       total 68608K, used 29873K [0x0000000080a00000, 0x0000000084d00000, 0x00000000d5900000)
  object space 68608K, 43% used [0x0000000080a00000,0x000000008272c628,0x0000000084d00000)
 Metaspace       used 34311K, capacity 34816K, committed 34944K, reserved 1087488K
  class space    used 3809K, capacity 3951K, committed 3968K, reserved 1048576K
Event: 7.760 GC heap after
Heap after GC invocations=12 (full 3):
 PSYoungGen      total 71680K, used 0K [0x00000000d5900000, 0x00000000dcc00000, 0x0000000100000000)
  eden space 66560K, 0% used [0x00000000d5900000,0x00000000d5900000,0x00000000d9a00000)
  from space 5120K, 0% used [0x00000000d9a00000,0x00000000d9a00000,0x00000000d9f00000)
  to   space 14336K, 0% used [0x00000000dbe00000,0x00000000dbe00000,0x00000000dcc00000)
 ParOldGen       total 68608K, used 26856K [0x0000000080a00000, 0x0000000084d00000, 0x00000000d5900000)
  object space 68608K, 39% used [0x0000000080a00000,0x000000008243a090,0x0000000084d00000)
 Metaspace       used 34311K, capacity 34816K, committed 34944K, reserved 1085440K
  class space    used 3809K, capacity 3951K, committed 3968K, reserved 1048576K
}

