# JRE version: OpenJDK Runtime Environment (8.0_232-b09) (build 1.8.0_232-b09)
# Java VM: OpenJDK 64-Bit Server VM (25.232-b09 mixed mode windows-amd64 compressed oops)
Heap:
 PSYoungGen      total 143872K, used 18458K [0x00000000d5900000, 0x00000000df000000, 0x0000000100000000)
  eden space 133120K, 13% used [0x00000000d5900000,0x00000000d6b06a28,0x00000000ddb00000)
  from space 10752K, 0% used [0x00000000ddb00000,0x00000000ddb00000,0x00000000de580000)
  to   space 10240K, 0% used [0x00000000de600000,0x00000000de600000,0x00000000df000000)
 ParOldGen       total 126464K, used 34484K [0x0000000080a00000, 0x0000000088580000, 0x00000000d5900000)
  object space 126464K, 27% used [0x0000000080a00000,0x0000000082bad110,0x0000000088580000)
 Metaspace       used 34947K, capacity 35516K, committed 35928K, reserved 1081344K
  class space    used 3866K, capacity 4015K, committed 4096K, reserved 1048576K
GC Heap History (18 events):
Event: 0.715 GC heap before
{Heap before GC invocations=1 (full 0):
 PSYoungGen      total 38400K, used 33280K [0x00000000d5900000, 0x00000000d8380000, 0x0000000100000000)
  eden space 33280K, 100% used [0x00000000d5900000,0x00000000d7980000,0x00000000d7980000)
  from space 5120K, 0% used [0x00000000d7e80000,0x00000000d7e80000,0x00000000d8380000)
  to   space 5120K, 0% used [0x00000000d7980000,0x00000000d7980000,0x00000000d7e80000)
 ParOldGen       total 87552K, used 0K [0x0000000080a00000, 0x0000000085f80000, 0x00000000d5900000)
  object space 87552K, 0% used [0x0000000080a00000,0x0000000080a00000,0x0000000085f80000)
 Metaspace       used 8446K, capacity 8708K, committed 8832K, reserved 1056768K
  class space    used 968K, capacity 1052K, committed 1152K, reserved 1048576K
Event: 0.721 GC heap after
Heap after GC invocations=1 (full 0):
 PSYoungGen      total 38400K, used 5059K [0x00000000d5900000, 0x00000000d8380000, 0x0000000100000000)
  eden space 33280K, 0% used [0x00000000d5900000,0x00000000d5900000,0x00000000d7980000)
  from space 5120K, 98% used [0x00000000d7980000,0x00000000d7e70dc0,0x00000000d7e80000)
  to   space 5120K, 0% used [0x00000000d7e80000,0x00000000d7e80000,0x00000000d8380000)
 ParOldGen       total 87552K, used 16K [0x0000000080a00000, 0x0000000085f80000, 0x00000000d5900000)
  object space 87552K, 0% used [0x0000000080a00000,0x0000000080a04000,0x0000000085f80000)
 Metaspace       used 8446K, capacity 8708K, committed 8832K, reserved 1056768K
  class space    used 968K, capacity 1052K, committed 1152K, reserved 1048576K
}
Event: 1.254 GC heap before
{Heap before GC invocations=2 (full 0):
 PSYoungGen      total 38400K, used 38339K [0x00000000d5900000, 0x00000000d8380000, 0x0000000100000000)
  eden space 33280K, 100% used [0x00000000d5900000,0x00000000d7980000,0x00000000d7980000)
  from space 5120K, 98% used [0x00000000d7980000,0x00000000d7e70dc0,0x00000000d7e80000)
  to   space 5120K, 0% used [0x00000000d7e80000,0x00000000d7e80000,0x00000000d8380000)
 ParOldGen       total 87552K, used 16K [0x0000000080a00000, 0x0000000085f80000, 0x00000000d5900000)
  object space 87552K, 0% used [0x0000000080a00000,0x0000000080a04000,0x0000000085f80000)
 Metaspace       used 12554K, capacity 12804K, committed 13184K, reserved 1060864K
  class space    used 1496K, capacity 1579K, committed 1664K, reserved 1048576K
Event: 1.268 GC heap after
Heap after GC invocations=2 (full 0):
 PSYoungGen      total 38400K, used 5096K [0x00000000d5900000, 0x00000000da400000, 0x0000000100000000)
  eden space 33280K, 0% used [0x00000000d5900000,0x00000000d5900000,0x00000000d7980000)
  from space 5120K, 99% used [0x00000000d7e80000,0x00000000d837a3a8,0x00000000d8380000)
  to   space 5120K, 0% used [0x00000000d7980000,0x00000000d7980000,0x00000000d7e80000)
 ParOldGen       total 87552K, used 2720K [0x0000000080a00000, 0x0000000085f80000, 0x00000000d5900000)
  object space 87552K, 3% used [0x0000000080a00000,0x0000000080ca8238,0x0000000085f80000)
 Metaspace       used 12554K, capacity 12804K, committed 13184K, reserved 1060864K
  class space    used 1496K, capacity 1579K, committed 1664K, reserved 1048576K
}
Event: 2.080 GC heap before
{Heap before GC invocations=3 (full 0):
 PSYoungGen      total 38400K, used 38376K [0x00000000d5900000, 0x00000000da400000, 0x0000000100000000)
  eden space 33280K, 100% used [0x00000000d5900000,0x00000000d7980000,0x00000000d7980000)
  from space 5120K, 99% used [0x00000000d7e80000,0x00000000d837a3a8,0x00000000d8380000)
  to   space 5120K, 0% used [0x00000000d7980000,0x00000000d7980000,0x00000000d7e80000)
 ParOldGen       total 87552K, used 2720K [0x0000000080a00000, 0x0000000085f80000, 0x00000000d5900000)
  object space 87552K, 3% used [0x0000000080a00000,0x0000000080ca8238,0x0000000085f80000)
 Metaspace       used 15544K, capacity 15872K, committed 16000K, reserved 1062912K
  class space    used 1794K, capacity 1885K, committed 1920K, reserved 1048576K
Event: 2.091 GC heap after
Heap after GC invocations=3 (full 0):
 PSYoungGen      total 38400K, used 5101K [0x00000000d5900000, 0x00000000da400000, 0x0000000100000000)
  eden space 33280K, 0% used [0x00000000d5900000,0x00000000d5900000,0x00000000d7980000)
  from space 5120K, 99% used [0x00000000d7980000,0x00000000d7e7b640,0x00000000d7e80000)
  to   space 5120K, 0% used [0x00000000d9f00000,0x00000000d9f00000,0x00000000da400000)
 ParOldGen       total 87552K, used 5330K [0x0000000080a00000, 0x0000000085f80000, 0x00000000d5900000)
  object space 87552K, 6% used [0x0000000080a00000,0x0000000080f34990,0x0000000085f80000)
 Metaspace       used 15544K, capacity 15872K, committed 16000K, reserved 1062912K
  class space    used 1794K, capacity 1885K, committed 1920K, reserved 1048576K
}
Event: 2.711 GC heap before
{Heap before GC invocations=4 (full 0):
 PSYoungGen      total 38400K, used 38381K [0x00000000d5900000, 0x00000000da400000, 0x0000000100000000)
  eden space 33280K, 100% used [0x00000000d5900000,0x00000000d7980000,0x00000000d7980000)
  from space 5120K, 99% used [0x00000000d7980000,0x00000000d7e7b640,0x00000000d7e80000)
  to   space 5120K, 0% used [0x00000000d9f00000,0x00000000d9f00000,0x00000000da400000)
 ParOldGen       total 87552K, used 5330K [0x0000000080a00000, 0x0000000085f80000, 0x00000000d5900000)
  object space 87552K, 6% used [0x0000000080a00000,0x0000000080f34990,0x0000000085f80000)
 Metaspace       used 16043K, capacity 16358K, committed 16512K, reserved 1064960K
  class space    used 1810K, capacity 1918K, committed 1920K, reserved 1048576K
Event: 2.719 GC heap after
Heap after GC invocations=4 (full 0):
 PSYoungGen      total 71680K, used 5117K [0x00000000d5900000, 0x00000000da400000, 0x0000000100000000)
  eden space 66560K, 0% used [0x00000000d5900000,0x00000000d5900000,0x00000000d9a00000)
  from space 5120K, 99% used [0x00000000d9f00000,0x00000000da3ff630,0x00000000da400000)
  to   space 5120K, 0% used [0x00000000d9a00000,0x00000000d9a00000,0x00000000d9f00000)
 ParOldGen       total 87552K, used 7301K [0x0000000080a00000, 0x0000000085f80000, 0x00000000d5900000)
  object space 87552K, 8% used [0x0000000080a00000,0x0000000081121770,0x0000000085f80000)
 Metaspace       used 16043K, capacity 16358K, committed 16512K, reserved 1064960K
  class space    used 1810K, capacity 1918K, committed 1920K, reserved 1048576K
}
Event: 4.011 GC heap before
{Heap before GC invocations=5 (full 0):
 PSYoungGen      total 71680K, used 71677K [0x00000000d5900000, 0x00000000da400000, 0x0000000100000000)
  eden space 66560K, 100% used [0x00000000d5900000,0x00000000d9a00000,0x00000000d9a00000)
  from space 5120K, 99% used [0x00000000d9f00000,0x00000000da3ff630,0x00000000da400000)
  to   space 5120K, 0% used [0x00000000d9a00000,0x00000000d9a00000,0x00000000d9f00000)
 ParOldGen       total 87552K, used 7301K [0x0000000080a00000, 0x0000000085f80000, 0x00000000d5900000)
  object space 87552K, 8% used [0x0000000080a00000,0x0000000081121770,0x0000000085f80000)
 Metaspace       used 18465K, capacity 18912K, committed 19200K, reserved 1067008K
  class space    used 2120K, capacity 2233K, committed 2304K, reserved 1048576K
Event: 4.024 GC heap after
Heap after GC invocations=5 (full 0):
 PSYoungGen      total 71680K, used 5101K [0x00000000d5900000, 0x00000000df100000, 0x0000000100000000)
  eden space 66560K, 0% used [0x00000000d5900000,0x00000000d5900000,0x00000000d9a00000)
  from space 5120K, 99% used [0x00000000d9a00000,0x00000000d9efb620,0x00000000d9f00000)
  to   space 11264K, 0% used [0x00000000de600000,0x00000000de600000,0x00000000df100000)
 ParOldGen       total 87552K, used 12908K [0x0000000080a00000, 0x0000000085f80000, 0x00000000d5900000)
  object space 87552K, 14% used [0x0000000080a00000,0x000000008169b178,0x0000000085f80000)
 Metaspace       used 18465K, capacity 18912K, committed 19200K, reserved 1067008K
  class space    used 2120K, capacity 2233K, committed 2304K, reserved 1048576K
}
Event: 4.431 GC heap before
{Heap before GC invocations=6 (full 0):
 PSYoungGen      total 71680K, used 24613K [0x00000000d5900000, 0x00000000df100000, 0x0000000100000000)
  eden space 66560K, 29% used [0x00000000d5900000,0x00000000d6c0de48,0x00000000d9a00000)
  from space 5120K, 99% used [0x00000000d9a00000,0x00000000d9efb620,0x00000000d9f00000)
  to   space 11264K, 0% used [0x00000000de600000,0x00000000de600000,0x00000000df100000)
 ParOldGen       total 87552K, used 12908K [0x0000000080a00000, 0x0000000085f80000, 0x00000000d5900000)
  object space 87552K, 14% used [0x0000000080a00000,0x000000008169b178,0x0000000085f80000)
 Metaspace       used 20649K, capacity 21128K, committed 21248K, reserved 1069056K
  class space    used 2381K, capacity 2505K, committed 2560K, reserved 1048576K
Event: 4.444 GC heap after
Heap after GC invocations=6 (full 0):
 PSYoungGen      total 143360K, used 6972K [0x00000000d5900000, 0x00000000df000000, 0x0000000100000000)
  eden space 133120K, 0% used [0x00000000d5900000,0x00000000d5900000,0x00000000ddb00000)
  from space 10240K, 68% used [0x00000000de600000,0x00000000deccf140,0x00000000df000000)
  to   space 10752K, 0% used [0x00000000ddb00000,0x00000000ddb00000,0x00000000de580000)
 ParOldGen       total 87552K, used 12908K [0x0000000080a00000, 0x0000000085f80000, 0x00000000d5900000)
  object space 87552K, 14% used [0x0000000080a00000,0x000000008169b178,0x0000000085f80000)
 Metaspace       used 20649K, capacity 21128K, committed 21248K, reserved 1069056K
  class space    used 2381K, capacity 2505K, committed 2560K, reserved 1048576K
}
Event: 4.444 GC heap before
{Heap before GC invocations=7 (full 1):
 PSYoungGen      total 143360K, used 6972K [0x00000000d5900000, 0x00000000df000000, 0x0000000100000000)
  eden space 133120K, 0% used [0x00000000d5900000,0x00000000d5900000,0x00000000ddb00000)
  from space 10240K, 68% used [0x00000000de600000,0x00000000deccf140,0x00000000df000000)
  to   space 10752K, 0% used [0x00000000ddb00000,0x00000000ddb00000,0x00000000de580000)
 ParOldGen       total 87552K, used 12908K [0x0000000080a00000, 0x0000000085f80000, 0x00000000d5900000)
  object space 87552K, 14% used [0x0000000080a00000,0x000000008169b178,0x0000000085f80000)
 Metaspace       used 20649K, capacity 21128K, committed 21248K, reserved 1069056K
  class space    used 2381K, capacity 2505K, committed 2560K, reserved 1048576K
Event: 4.516 GC heap after
Heap after GC invocations=7 (full 1):
 PSYoungGen      total 143360K, used 0K [0x00000000d5900000, 0x00000000df000000, 0x0000000100000000)
  eden space 133120K, 0% used [0x00000000d5900000,0x00000000d5900000,0x00000000ddb00000)
  from space 10240K, 0% used [0x00000000de600000,0x00000000de600000,0x00000000df000000)
  to   space 10752K, 0% used [0x00000000ddb00000,0x00000000ddb00000,0x00000000de580000)
 ParOldGen       total 70144K, used 15366K [0x0000000080a00000, 0x0000000084e80000, 0x00000000d5900000)
  object space 70144K, 21% used [0x0000000080a00000,0x0000000081901b00,0x0000000084e80000)
 Metaspace       used 20649K, capacity 21128K, committed 21248K, reserved 1069056K
  class space    used 2381K, capacity 2505K, committed 2560K, reserved 1048576K
}
Event: 7.112 GC heap before
{Heap before GC invocations=8 (full 1):
 PSYoungGen      total 143360K, used 106164K [0x00000000d5900000, 0x00000000df000000, 0x0000000100000000)
  eden space 133120K, 79% used [0x00000000d5900000,0x00000000dc0ad348,0x00000000ddb00000)
  from space 10240K, 0% used [0x00000000de600000,0x00000000de600000,0x00000000df000000)
  to   space 10752K, 0% used [0x00000000ddb00000,0x00000000ddb00000,0x00000000de580000)
 ParOldGen       total 70144K, used 15366K [0x0000000080a00000, 0x0000000084e80000, 0x00000000d5900000)
  object space 70144K, 21% used [0x0000000080a00000,0x0000000081901b00,0x0000000084e80000)
 Metaspace       used 34648K, capacity 35164K, committed 35416K, reserved 1081344K
  class space    used 3840K, capacity 3983K, committed 4096K, reserved 1048576K
Event: 7.139 GC heap after
Heap after GC invocations=8 (full 1):
 PSYoungGen      total 143872K, used 10726K [0x00000000d5900000, 0x00000000df000000, 0x0000000100000000)
  eden space 133120K, 0% used [0x00000000d5900000,0x00000000d5900000,0x00000000ddb00000)
  from space 10752K, 99% used [0x00000000ddb00000,0x00000000de579940,0x00000000de580000)
  to   space 10240K, 0% used [0x00000000de600000,0x00000000de600000,0x00000000df000000)
 ParOldGen       total 70144K, used 28077K [0x0000000080a00000, 0x0000000084e80000, 0x00000000d5900000)
  object space 70144K, 40% used [0x0000000080a00000,0x000000008256b680,0x0000000084e80000)
 Metaspace       used 34648K, capacity 35164K, committed 35416K, reserved 1081344K
  class space    used 3840K, capacity 3983K, committed 4096K, reserved 1048576K
}
Event: 7.140 GC heap before
{Heap before GC invocations=9 (full 2):
 PSYoungGen      total 143872K, used 10726K [0x00000000d5900000, 0x00000000df000000, 0x0000000100000000)
  eden space 133120K, 0% used [0x00000000d5900000,0x00000000d5900000,0x00000000ddb00000)
  from space 10752K, 99% used [0x00000000ddb00000,0x00000000de579940,0x00000000de580000)
  to   space 10240K, 0% used [0x00000000de600000,0x00000000de600000,0x00000000df000000)
 ParOldGen       total 70144K, used 28077K [0x0000000080a00000, 0x0000000084e80000, 0x00000000d5900000)
  object space 70144K, 40% used [0x0000000080a00000,0x000000008256b680,0x0000000084e80000)
 Metaspace       used 34648K, capacity 35164K, committed 35416K, reserved 1081344K
  class space    used 3840K, capacity 3983K, committed 4096K, reserved 1048576K
Event: 7.257 GC heap after
Heap after GC invocations=9 (full 2):
 PSYoungGen      total 143872K, used 0K [0x00000000d5900000, 0x00000000df000000, 0x0000000100000000)
  eden space 133120K, 0% used [0x00000000d5900000,0x00000000d5900000,0x00000000ddb00000)
  from space 10752K, 0% used [0x00000000ddb00000,0x00000000ddb00000,0x00000000de580000)
  to   space 10240K, 0% used [0x00000000de600000,0x00000000de600000,0x00000000df000000)
 ParOldGen       total 126464K, used 34484K [0x0000000080a00000, 0x0000000088580000, 0x00000000d5900000)
  object space 126464K, 27% used [0x0000000080a00000,0x0000000082bad110,0x0000000088580000)
 Metaspace       used 34648K, capacity 35164K, committed 35416K, reserved 1081344K
  class space    used 3840K, capacity 3983K, committed 4096K, reserved 1048576K
}

