# JRE version: OpenJDK Runtime Environment (8.0_232-b09) (build 1.8.0_232-b09)
# Java VM: OpenJDK 64-Bit Server VM (25.232-b09 mixed mode windows-amd64 compressed oops)
Heap:
 PSYoungGen      total 38400K, used 24353K [0x00000000d5900000, 0x00000000d8e80000, 0x0000000100000000)
  eden space 33280K, 60% used [0x00000000d5900000,0x00000000d6ca2b10,0x00000000d7980000)
  from space 5120K, 82% used [0x00000000d7e80000,0x00000000d82a59d8,0x00000000d8380000)
  to   space 5120K, 0% used [0x00000000d7980000,0x00000000d7980000,0x00000000d7e80000)
 ParOldGen       total 60928K, used 2921K [0x0000000080a00000, 0x0000000084580000, 0x00000000d5900000)
  object space 60928K, 4% used [0x0000000080a00000,0x0000000080cda588,0x0000000084580000)
 Metaspace       used 12384K, capacity 12640K, committed 12928K, reserved 1064960K
  class space    used 1472K, capacity 1547K, committed 1664K, reserved 1048576K
GC Heap History (6 events):
Event: 0.529 GC heap before
{Heap before GC invocations=1 (full 0):
 PSYoungGen      total 38400K, used 13369K [0x00000000d5900000, 0x00000000d8380000, 0x0000000100000000)
  eden space 33280K, 40% used [0x00000000d5900000,0x00000000d660e6f8,0x00000000d7980000)
  from space 5120K, 0% used [0x00000000d7e80000,0x00000000d7e80000,0x00000000d8380000)
  to   space 5120K, 0% used [0x00000000d7980000,0x00000000d7980000,0x00000000d7e80000)
 ParOldGen       total 87552K, used 0K [0x0000000080a00000, 0x0000000085f80000, 0x00000000d5900000)
  object space 87552K, 0% used [0x0000000080a00000,0x0000000080a00000,0x0000000085f80000)
 Metaspace       used 6722K, capacity 6944K, committed 7168K, reserved 1060864K
  class space    used 704K, capacity 764K, committed 768K, reserved 1048576K
Event: 0.532 GC heap after
Heap after GC invocations=1 (full 0):
 PSYoungGen      total 38400K, used 3026K [0x00000000d5900000, 0x00000000d8380000, 0x0000000100000000)
  eden space 33280K, 0% used [0x00000000d5900000,0x00000000d5900000,0x00000000d7980000)
  from space 5120K, 59% used [0x00000000d7980000,0x00000000d7c74888,0x00000000d7e80000)
  to   space 5120K, 0% used [0x00000000d7e80000,0x00000000d7e80000,0x00000000d8380000)
 ParOldGen       total 87552K, used 8K [0x0000000080a00000, 0x0000000085f80000, 0x00000000d5900000)
  object space 87552K, 0% used [0x0000000080a00000,0x0000000080a02000,0x0000000085f80000)
 Metaspace       used 6722K, capacity 6944K, committed 7168K, reserved 1060864K
  class space    used 704K, capacity 764K, committed 768K, reserved 1048576K
}
Event: 0.532 GC heap before
{Heap before GC invocations=2 (full 1):
 PSYoungGen      total 38400K, used 3026K [0x00000000d5900000, 0x00000000d8380000, 0x0000000100000000)
  eden space 33280K, 0% used [0x00000000d5900000,0x00000000d5900000,0x00000000d7980000)
  from space 5120K, 59% used [0x00000000d7980000,0x00000000d7c74888,0x00000000d7e80000)
  to   space 5120K, 0% used [0x00000000d7e80000,0x00000000d7e80000,0x00000000d8380000)
 ParOldGen       total 87552K, used 8K [0x0000000080a00000, 0x0000000085f80000, 0x00000000d5900000)
  object space 87552K, 0% used [0x0000000080a00000,0x0000000080a02000,0x0000000085f80000)
 Metaspace       used 6722K, capacity 6944K, committed 7168K, reserved 1060864K
  class space    used 704K, capacity 764K, committed 768K, reserved 1048576K
Event: 0.541 GC heap after
Heap after GC invocations=2 (full 1):
 PSYoungGen      total 38400K, used 0K [0x00000000d5900000, 0x00000000d8380000, 0x0000000100000000)
  eden space 33280K, 0% used [0x00000000d5900000,0x00000000d5900000,0x00000000d7980000)
  from space 5120K, 0% used [0x00000000d7980000,0x00000000d7980000,0x00000000d7e80000)
  to   space 5120K, 0% used [0x00000000d7e80000,0x00000000d7e80000,0x00000000d8380000)
 ParOldGen       total 60928K, used 2913K [0x0000000080a00000, 0x0000000084580000, 0x00000000d5900000)
  object space 60928K, 4% used [0x0000000080a00000,0x0000000080cd8588,0x0000000084580000)
 Metaspace       used 6722K, capacity 6944K, committed 7168K, reserved 1060864K
  class space    used 704K, capacity 764K, committed 768K, reserved 1048576K
}
Event: 0.971 GC heap before
{Heap before GC invocations=3 (full 1):
 PSYoungGen      total 38400K, used 33280K [0x00000000d5900000, 0x00000000d8380000, 0x0000000100000000)
  eden space 33280K, 100% used [0x00000000d5900000,0x00000000d7980000,0x00000000d7980000)
  from space 5120K, 0% used [0x00000000d7980000,0x00000000d7980000,0x00000000d7e80000)
  to   space 5120K, 0% used [0x00000000d7e80000,0x00000000d7e80000,0x00000000d8380000)
 ParOldGen       total 60928K, used 2913K [0x0000000080a00000, 0x0000000084580000, 0x00000000d5900000)
  object space 60928K, 4% used [0x0000000080a00000,0x0000000080cd8588,0x0000000084580000)
 Metaspace       used 9977K, capacity 10168K, committed 10496K, reserved 1062912K
  class space    used 1143K, capacity 1217K, committed 1280K, reserved 1048576K
Event: 0.976 GC heap after
Heap after GC invocations=3 (full 1):
 PSYoungGen      total 38400K, used 4246K [0x00000000d5900000, 0x00000000d8e80000, 0x0000000100000000)
  eden space 33280K, 0% used [0x00000000d5900000,0x00000000d5900000,0x00000000d7980000)
  from space 5120K, 82% used [0x00000000d7e80000,0x00000000d82a59d8,0x00000000d8380000)
  to   space 5120K, 0% used [0x00000000d7980000,0x00000000d7980000,0x00000000d7e80000)
 ParOldGen       total 60928K, used 2921K [0x0000000080a00000, 0x0000000084580000, 0x00000000d5900000)
  object space 60928K, 4% used [0x0000000080a00000,0x0000000080cda588,0x0000000084580000)
 Metaspace       used 9977K, capacity 10168K, committed 10496K, reserved 1062912K
  class space    used 1143K, capacity 1217K, committed 1280K, reserved 1048576K
}

