# JRE version: OpenJDK Runtime Environment (8.0_232-b09) (build 1.8.0_232-b09)
# Java VM: OpenJDK 64-Bit Server VM (25.232-b09 mixed mode windows-amd64 compressed oops)
Heap:
 PSYoungGen      total 75776K, used 14624K [0x00000000d5900000, 0x00000000dac00000, 0x0000000100000000)
  eden space 66560K, 21% used [0x00000000d5900000,0x00000000d67481d0,0x00000000d9a00000)
  from space 9216K, 0% used [0x00000000d9a00000,0x00000000d9a00000,0x00000000da300000)
  to   space 9216K, 0% used [0x00000000da300000,0x00000000da300000,0x00000000dac00000)
 ParOldGen       total 65536K, used 12936K [0x0000000080a00000, 0x0000000084a00000, 0x00000000d5900000)
  object space 65536K, 19% used [0x0000000080a00000,0x00000000816a2198,0x0000000084a00000)
 Metaspace       used 22682K, capacity 23332K, committed 23552K, reserved 1071104K
  class space    used 2596K, capacity 2812K, committed 2816K, reserved 1048576K
GC Heap History (16 events):
Event: 0.781 GC heap before
{Heap before GC invocations=1 (full 0):
 PSYoungGen      total 38400K, used 33280K [0x00000000d5900000, 0x00000000d8380000, 0x0000000100000000)
  eden space 33280K, 100% used [0x00000000d5900000,0x00000000d7980000,0x00000000d7980000)
  from space 5120K, 0% used [0x00000000d7e80000,0x00000000d7e80000,0x00000000d8380000)
  to   space 5120K, 0% used [0x00000000d7980000,0x00000000d7980000,0x00000000d7e80000)
 ParOldGen       total 87552K, used 0K [0x0000000080a00000, 0x0000000085f80000, 0x00000000d5900000)
  object space 87552K, 0% used [0x0000000080a00000,0x0000000080a00000,0x0000000085f80000)
 Metaspace       used 8443K, capacity 8704K, committed 8832K, reserved 1056768K
  class space    used 968K, capacity 1052K, committed 1152K, reserved 1048576K
Event: 0.787 GC heap after
Heap after GC invocations=1 (full 0):
 PSYoungGen      total 38400K, used 5036K [0x00000000d5900000, 0x00000000d8380000, 0x0000000100000000)
  eden space 33280K, 0% used [0x00000000d5900000,0x00000000d5900000,0x00000000d7980000)
  from space 5120K, 98% used [0x00000000d7980000,0x00000000d7e6b078,0x00000000d7e80000)
  to   space 5120K, 0% used [0x00000000d7e80000,0x00000000d7e80000,0x00000000d8380000)
 ParOldGen       total 87552K, used 16K [0x0000000080a00000, 0x0000000085f80000, 0x00000000d5900000)
  object space 87552K, 0% used [0x0000000080a00000,0x0000000080a04000,0x0000000085f80000)
 Metaspace       used 8443K, capacity 8704K, committed 8832K, reserved 1056768K
  class space    used 968K, capacity 1052K, committed 1152K, reserved 1048576K
}
Event: 1.437 GC heap before
{Heap before GC invocations=2 (full 0):
 PSYoungGen      total 38400K, used 38316K [0x00000000d5900000, 0x00000000d8380000, 0x0000000100000000)
  eden space 33280K, 100% used [0x00000000d5900000,0x00000000d7980000,0x00000000d7980000)
  from space 5120K, 98% used [0x00000000d7980000,0x00000000d7e6b078,0x00000000d7e80000)
  to   space 5120K, 0% used [0x00000000d7e80000,0x00000000d7e80000,0x00000000d8380000)
 ParOldGen       total 87552K, used 16K [0x0000000080a00000, 0x0000000085f80000, 0x00000000d5900000)
  object space 87552K, 0% used [0x0000000080a00000,0x0000000080a04000,0x0000000085f80000)
 Metaspace       used 12554K, capacity 12736K, committed 12928K, reserved 1060864K
  class space    used 1496K, capacity 1579K, committed 1664K, reserved 1048576K
Event: 1.444 GC heap after
Heap after GC invocations=2 (full 0):
 PSYoungGen      total 38400K, used 5118K [0x00000000d5900000, 0x00000000d8380000, 0x0000000100000000)
  eden space 33280K, 0% used [0x00000000d5900000,0x00000000d5900000,0x00000000d7980000)
  from space 5120K, 99% used [0x00000000d7e80000,0x00000000d837f990,0x00000000d8380000)
  to   space 5120K, 0% used [0x00000000d7980000,0x00000000d7980000,0x00000000d7e80000)
 ParOldGen       total 87552K, used 2686K [0x0000000080a00000, 0x0000000085f80000, 0x00000000d5900000)
  object space 87552K, 3% used [0x0000000080a00000,0x0000000080c9fbe0,0x0000000085f80000)
 Metaspace       used 12554K, capacity 12736K, committed 12928K, reserved 1060864K
  class space    used 1496K, capacity 1579K, committed 1664K, reserved 1048576K
}
Event: 2.653 GC heap before
{Heap before GC invocations=3 (full 0):
 PSYoungGen      total 38400K, used 38398K [0x00000000d5900000, 0x00000000d8380000, 0x0000000100000000)
  eden space 33280K, 100% used [0x00000000d5900000,0x00000000d7980000,0x00000000d7980000)
  from space 5120K, 99% used [0x00000000d7e80000,0x00000000d837f990,0x00000000d8380000)
  to   space 5120K, 0% used [0x00000000d7980000,0x00000000d7980000,0x00000000d7e80000)
 ParOldGen       total 87552K, used 2686K [0x0000000080a00000, 0x0000000085f80000, 0x00000000d5900000)
  object space 87552K, 3% used [0x0000000080a00000,0x0000000080c9fbe0,0x0000000085f80000)
 Metaspace       used 15626K, capacity 15964K, committed 16256K, reserved 1062912K
  class space    used 1805K, capacity 1917K, committed 1920K, reserved 1048576K
Event: 2.667 GC heap after
Heap after GC invocations=3 (full 0):
 PSYoungGen      total 38400K, used 5101K [0x00000000d5900000, 0x00000000d8380000, 0x0000000100000000)
  eden space 33280K, 0% used [0x00000000d5900000,0x00000000d5900000,0x00000000d7980000)
  from space 5120K, 99% used [0x00000000d7980000,0x00000000d7e7b620,0x00000000d7e80000)
  to   space 5120K, 0% used [0x00000000d7e80000,0x00000000d7e80000,0x00000000d8380000)
 ParOldGen       total 87552K, used 5604K [0x0000000080a00000, 0x0000000085f80000, 0x00000000d5900000)
  object space 87552K, 6% used [0x0000000080a00000,0x0000000080f79028,0x0000000085f80000)
 Metaspace       used 15626K, capacity 15964K, committed 16256K, reserved 1062912K
  class space    used 1805K, capacity 1917K, committed 1920K, reserved 1048576K
}
Event: 3.434 GC heap before
{Heap before GC invocations=4 (full 0):
 PSYoungGen      total 38400K, used 38381K [0x00000000d5900000, 0x00000000d8380000, 0x0000000100000000)
  eden space 33280K, 100% used [0x00000000d5900000,0x00000000d7980000,0x00000000d7980000)
  from space 5120K, 99% used [0x00000000d7980000,0x00000000d7e7b620,0x00000000d7e80000)
  to   space 5120K, 0% used [0x00000000d7e80000,0x00000000d7e80000,0x00000000d8380000)
 ParOldGen       total 87552K, used 5604K [0x0000000080a00000, 0x0000000085f80000, 0x00000000d5900000)
  object space 87552K, 6% used [0x0000000080a00000,0x0000000080f79028,0x0000000085f80000)
 Metaspace       used 16040K, capacity 16348K, committed 16512K, reserved 1064960K
  class space    used 1809K, capacity 1917K, committed 1920K, reserved 1048576K
Event: 3.441 GC heap after
Heap after GC invocations=4 (full 0):
 PSYoungGen      total 38400K, used 5117K [0x00000000d5900000, 0x00000000d8380000, 0x0000000100000000)
  eden space 33280K, 0% used [0x00000000d5900000,0x00000000d5900000,0x00000000d7980000)
  from space 5120K, 99% used [0x00000000d7e80000,0x00000000d837f650,0x00000000d8380000)
  to   space 5120K, 0% used [0x00000000d7980000,0x00000000d7980000,0x00000000d7e80000)
 ParOldGen       total 87552K, used 7428K [0x0000000080a00000, 0x0000000085f80000, 0x00000000d5900000)
  object space 87552K, 8% used [0x0000000080a00000,0x0000000081141038,0x0000000085f80000)
 Metaspace       used 16040K, capacity 16348K, committed 16512K, reserved 1064960K
  class space    used 1809K, capacity 1917K, committed 1920K, reserved 1048576K
}
Event: 4.287 GC heap before
{Heap before GC invocations=5 (full 0):
 PSYoungGen      total 38400K, used 38397K [0x00000000d5900000, 0x00000000d8380000, 0x0000000100000000)
  eden space 33280K, 100% used [0x00000000d5900000,0x00000000d7980000,0x00000000d7980000)
  from space 5120K, 99% used [0x00000000d7e80000,0x00000000d837f650,0x00000000d8380000)
  to   space 5120K, 0% used [0x00000000d7980000,0x00000000d7980000,0x00000000d7e80000)
 ParOldGen       total 87552K, used 7428K [0x0000000080a00000, 0x0000000085f80000, 0x00000000d5900000)
  object space 87552K, 8% used [0x0000000080a00000,0x0000000081141038,0x0000000085f80000)
 Metaspace       used 17007K, capacity 17414K, committed 17792K, reserved 1064960K
  class space    used 1938K, capacity 2062K, committed 2176K, reserved 1048576K
Event: 4.302 GC heap after
Heap after GC invocations=5 (full 0):
 PSYoungGen      total 38400K, used 5101K [0x00000000d5900000, 0x00000000dac00000, 0x0000000100000000)
  eden space 33280K, 0% used [0x00000000d5900000,0x00000000d5900000,0x00000000d7980000)
  from space 5120K, 99% used [0x00000000d7980000,0x00000000d7e7b620,0x00000000d7e80000)
  to   space 9216K, 0% used [0x00000000da300000,0x00000000da300000,0x00000000dac00000)
 ParOldGen       total 87552K, used 10202K [0x0000000080a00000, 0x0000000085f80000, 0x00000000d5900000)
  object space 87552K, 11% used [0x0000000080a00000,0x00000000813f6b50,0x0000000085f80000)
 Metaspace       used 17007K, capacity 17414K, committed 17792K, reserved 1064960K
  class space    used 1938K, capacity 2062K, committed 2176K, reserved 1048576K
}
Event: 5.398 GC heap before
{Heap before GC invocations=6 (full 0):
 PSYoungGen      total 38400K, used 38381K [0x00000000d5900000, 0x00000000dac00000, 0x0000000100000000)
  eden space 33280K, 100% used [0x00000000d5900000,0x00000000d7980000,0x00000000d7980000)
  from space 5120K, 99% used [0x00000000d7980000,0x00000000d7e7b620,0x00000000d7e80000)
  to   space 9216K, 0% used [0x00000000da300000,0x00000000da300000,0x00000000dac00000)
 ParOldGen       total 87552K, used 10202K [0x0000000080a00000, 0x0000000085f80000, 0x00000000d5900000)
  object space 87552K, 11% used [0x0000000080a00000,0x00000000813f6b50,0x0000000085f80000)
 Metaspace       used 18627K, capacity 19194K, committed 19456K, reserved 1067008K
  class space    used 2133K, capacity 2270K, committed 2304K, reserved 1048576K
Event: 5.413 GC heap after
Heap after GC invocations=6 (full 0):
 PSYoungGen      total 75776K, used 7970K [0x00000000d5900000, 0x00000000dac00000, 0x0000000100000000)
  eden space 66560K, 0% used [0x00000000d5900000,0x00000000d5900000,0x00000000d9a00000)
  from space 9216K, 86% used [0x00000000da300000,0x00000000daac8800,0x00000000dac00000)
  to   space 9216K, 0% used [0x00000000d9a00000,0x00000000d9a00000,0x00000000da300000)
 ParOldGen       total 87552K, used 10210K [0x0000000080a00000, 0x0000000085f80000, 0x00000000d5900000)
  object space 87552K, 11% used [0x0000000080a00000,0x00000000813f8b50,0x0000000085f80000)
 Metaspace       used 18627K, capacity 19194K, committed 19456K, reserved 1067008K
  class space    used 2133K, capacity 2270K, committed 2304K, reserved 1048576K
}
Event: 7.384 GC heap before
{Heap before GC invocations=7 (full 0):
 PSYoungGen      total 75776K, used 36465K [0x00000000d5900000, 0x00000000dac00000, 0x0000000100000000)
  eden space 66560K, 42% used [0x00000000d5900000,0x00000000d74d3c48,0x00000000d9a00000)
  from space 9216K, 86% used [0x00000000da300000,0x00000000daac8800,0x00000000dac00000)
  to   space 9216K, 0% used [0x00000000d9a00000,0x00000000d9a00000,0x00000000da300000)
 ParOldGen       total 87552K, used 10210K [0x0000000080a00000, 0x0000000085f80000, 0x00000000d5900000)
  object space 87552K, 11% used [0x0000000080a00000,0x00000000813f8b50,0x0000000085f80000)
 Metaspace       used 20635K, capacity 21154K, committed 21248K, reserved 1069056K
  class space    used 2362K, capacity 2513K, committed 2560K, reserved 1048576K
Event: 7.415 GC heap after
Heap after GC invocations=7 (full 0):
 PSYoungGen      total 75776K, used 6827K [0x00000000d5900000, 0x00000000dac00000, 0x0000000100000000)
  eden space 66560K, 0% used [0x00000000d5900000,0x00000000d5900000,0x00000000d9a00000)
  from space 9216K, 74% used [0x00000000d9a00000,0x00000000da0aae00,0x00000000da300000)
  to   space 9216K, 0% used [0x00000000da300000,0x00000000da300000,0x00000000dac00000)
 ParOldGen       total 87552K, used 12706K [0x0000000080a00000, 0x0000000085f80000, 0x00000000d5900000)
  object space 87552K, 14% used [0x0000000080a00000,0x0000000081668a00,0x0000000085f80000)
 Metaspace       used 20635K, capacity 21154K, committed 21248K, reserved 1069056K
  class space    used 2362K, capacity 2513K, committed 2560K, reserved 1048576K
}
Event: 7.415 GC heap before
{Heap before GC invocations=8 (full 1):
 PSYoungGen      total 75776K, used 6827K [0x00000000d5900000, 0x00000000dac00000, 0x0000000100000000)
  eden space 66560K, 0% used [0x00000000d5900000,0x00000000d5900000,0x00000000d9a00000)
  from space 9216K, 74% used [0x00000000d9a00000,0x00000000da0aae00,0x00000000da300000)
  to   space 9216K, 0% used [0x00000000da300000,0x00000000da300000,0x00000000dac00000)
 ParOldGen       total 87552K, used 12706K [0x0000000080a00000, 0x0000000085f80000, 0x00000000d5900000)
  object space 87552K, 14% used [0x0000000080a00000,0x0000000081668a00,0x0000000085f80000)
 Metaspace       used 20635K, capacity 21154K, committed 21248K, reserved 1069056K
  class space    used 2362K, capacity 2513K, committed 2560K, reserved 1048576K
Event: 7.487 GC heap after
Heap after GC invocations=8 (full 1):
 PSYoungGen      total 75776K, used 0K [0x00000000d5900000, 0x00000000dac00000, 0x0000000100000000)
  eden space 66560K, 0% used [0x00000000d5900000,0x00000000d5900000,0x00000000d9a00000)
  from space 9216K, 0% used [0x00000000d9a00000,0x00000000d9a00000,0x00000000da300000)
  to   space 9216K, 0% used [0x00000000da300000,0x00000000da300000,0x00000000dac00000)
 ParOldGen       total 65536K, used 12936K [0x0000000080a00000, 0x0000000084a00000, 0x00000000d5900000)
  object space 65536K, 19% used [0x0000000080a00000,0x00000000816a2198,0x0000000084a00000)
 Metaspace       used 20635K, capacity 21154K, committed 21248K, reserved 1069056K
  class space    used 2362K, capacity 2513K, committed 2560K, reserved 1048576K
}

