# JRE version: OpenJDK Runtime Environment (8.0_232-b09) (build 1.8.0_232-b09)
# Java VM: OpenJDK 64-Bit Server VM (25.232-b09 mixed mode windows-amd64 compressed oops)
Heap:
 PSYoungGen      total 63488K, used 16740K [0x00000000d5900000, 0x00000000dd700000, 0x0000000100000000)
  eden space 58368K, 19% used [0x00000000d5900000,0x00000000d645ba00,0x00000000d9200000)
  from space 5120K, 99% used [0x00000000d9f00000,0x00000000da3fd918,0x00000000da400000)
  to   space 13312K, 0% used [0x00000000d9200000,0x00000000d9200000,0x00000000d9f00000)
 ParOldGen       total 68096K, used 18869K [0x0000000080a00000, 0x0000000084c80000, 0x00000000d5900000)
  object space 68096K, 27% used [0x0000000080a00000,0x0000000081c6d5b0,0x0000000084c80000)
 Metaspace       used 27050K, capacity 27638K, committed 27904K, reserved 1073152K
  class space    used 3050K, capacity 3225K, committed 3328K, reserved 1048576K
GC Heap History (14 events):
Event: 0.911 GC heap before
{Heap before GC invocations=1 (full 0):
 PSYoungGen      total 38400K, used 33280K [0x00000000d5900000, 0x00000000d8380000, 0x0000000100000000)
  eden space 33280K, 100% used [0x00000000d5900000,0x00000000d7980000,0x00000000d7980000)
  from space 5120K, 0% used [0x00000000d7e80000,0x00000000d7e80000,0x00000000d8380000)
  to   space 5120K, 0% used [0x00000000d7980000,0x00000000d7980000,0x00000000d7e80000)
 ParOldGen       total 87552K, used 0K [0x0000000080a00000, 0x0000000085f80000, 0x00000000d5900000)
  object space 87552K, 0% used [0x0000000080a00000,0x0000000080a00000,0x0000000085f80000)
 Metaspace       used 8483K, capacity 8700K, committed 8832K, reserved 1056768K
  class space    used 967K, capacity 1052K, committed 1152K, reserved 1048576K
Event: 0.921 GC heap after
Heap after GC invocations=1 (full 0):
 PSYoungGen      total 38400K, used 5021K [0x00000000d5900000, 0x00000000da400000, 0x0000000100000000)
  eden space 33280K, 0% used [0x00000000d5900000,0x00000000d5900000,0x00000000d7980000)
  from space 5120K, 98% used [0x00000000d7980000,0x00000000d7e67430,0x00000000d7e80000)
  to   space 5120K, 0% used [0x00000000d9f00000,0x00000000d9f00000,0x00000000da400000)
 ParOldGen       total 87552K, used 8K [0x0000000080a00000, 0x0000000085f80000, 0x00000000d5900000)
  object space 87552K, 0% used [0x0000000080a00000,0x0000000080a02000,0x0000000085f80000)
 Metaspace       used 8483K, capacity 8700K, committed 8832K, reserved 1056768K
  class space    used 967K, capacity 1052K, committed 1152K, reserved 1048576K
}
Event: 1.534 GC heap before
{Heap before GC invocations=2 (full 0):
 PSYoungGen      total 38400K, used 38301K [0x00000000d5900000, 0x00000000da400000, 0x0000000100000000)
  eden space 33280K, 100% used [0x00000000d5900000,0x00000000d7980000,0x00000000d7980000)
  from space 5120K, 98% used [0x00000000d7980000,0x00000000d7e67430,0x00000000d7e80000)
  to   space 5120K, 0% used [0x00000000d9f00000,0x00000000d9f00000,0x00000000da400000)
 ParOldGen       total 87552K, used 8K [0x0000000080a00000, 0x0000000085f80000, 0x00000000d5900000)
  object space 87552K, 0% used [0x0000000080a00000,0x0000000080a02000,0x0000000085f80000)
 Metaspace       used 12581K, capacity 12796K, committed 13184K, reserved 1060864K
  class space    used 1496K, capacity 1579K, committed 1664K, reserved 1048576K
Event: 1.541 GC heap after
Heap after GC invocations=2 (full 0):
 PSYoungGen      total 71680K, used 5104K [0x00000000d5900000, 0x00000000da400000, 0x0000000100000000)
  eden space 66560K, 0% used [0x00000000d5900000,0x00000000d5900000,0x00000000d9a00000)
  from space 5120K, 99% used [0x00000000d9f00000,0x00000000da3fc318,0x00000000da400000)
  to   space 5120K, 0% used [0x00000000d9a00000,0x00000000d9a00000,0x00000000d9f00000)
 ParOldGen       total 87552K, used 2733K [0x0000000080a00000, 0x0000000085f80000, 0x00000000d5900000)
  object space 87552K, 3% used [0x0000000080a00000,0x0000000080cab710,0x0000000085f80000)
 Metaspace       used 12581K, capacity 12796K, committed 13184K, reserved 1060864K
  class space    used 1496K, capacity 1579K, committed 1664K, reserved 1048576K
}
Event: 3.305 GC heap before
{Heap before GC invocations=3 (full 0):
 PSYoungGen      total 71680K, used 71664K [0x00000000d5900000, 0x00000000da400000, 0x0000000100000000)
  eden space 66560K, 100% used [0x00000000d5900000,0x00000000d9a00000,0x00000000d9a00000)
  from space 5120K, 99% used [0x00000000d9f00000,0x00000000da3fc318,0x00000000da400000)
  to   space 5120K, 0% used [0x00000000d9a00000,0x00000000d9a00000,0x00000000d9f00000)
 ParOldGen       total 87552K, used 2733K [0x0000000080a00000, 0x0000000085f80000, 0x00000000d5900000)
  object space 87552K, 3% used [0x0000000080a00000,0x0000000080cab710,0x0000000085f80000)
 Metaspace       used 16034K, capacity 16344K, committed 16512K, reserved 1064960K
  class space    used 1810K, capacity 1917K, committed 1920K, reserved 1048576K
Event: 3.320 GC heap after
Heap after GC invocations=3 (full 0):
 PSYoungGen      total 71680K, used 5117K [0x00000000d5900000, 0x00000000da400000, 0x0000000100000000)
  eden space 66560K, 0% used [0x00000000d5900000,0x00000000d5900000,0x00000000d9a00000)
  from space 5120K, 99% used [0x00000000d9a00000,0x00000000d9eff610,0x00000000d9f00000)
  to   space 5120K, 0% used [0x00000000d9f00000,0x00000000d9f00000,0x00000000da400000)
 ParOldGen       total 87552K, used 7285K [0x0000000080a00000, 0x0000000085f80000, 0x00000000d5900000)
  object space 87552K, 8% used [0x0000000080a00000,0x000000008111d768,0x0000000085f80000)
 Metaspace       used 16034K, capacity 16344K, committed 16512K, reserved 1064960K
  class space    used 1810K, capacity 1917K, committed 1920K, reserved 1048576K
}
Event: 4.555 GC heap before
{Heap before GC invocations=4 (full 0):
 PSYoungGen      total 71680K, used 71677K [0x00000000d5900000, 0x00000000da400000, 0x0000000100000000)
  eden space 66560K, 100% used [0x00000000d5900000,0x00000000d9a00000,0x00000000d9a00000)
  from space 5120K, 99% used [0x00000000d9a00000,0x00000000d9eff610,0x00000000d9f00000)
  to   space 5120K, 0% used [0x00000000d9f00000,0x00000000d9f00000,0x00000000da400000)
 ParOldGen       total 87552K, used 7285K [0x0000000080a00000, 0x0000000085f80000, 0x00000000d5900000)
  object space 87552K, 8% used [0x0000000080a00000,0x000000008111d768,0x0000000085f80000)
 Metaspace       used 18434K, capacity 18902K, committed 19200K, reserved 1067008K
  class space    used 2122K, capacity 2238K, committed 2304K, reserved 1048576K
Event: 4.570 GC heap after
Heap after GC invocations=4 (full 0):
 PSYoungGen      total 71680K, used 5101K [0x00000000d5900000, 0x00000000da400000, 0x0000000100000000)
  eden space 66560K, 0% used [0x00000000d5900000,0x00000000d5900000,0x00000000d9a00000)
  from space 5120K, 99% used [0x00000000d9f00000,0x00000000da3fb620,0x00000000da400000)
  to   space 5120K, 0% used [0x00000000d9a00000,0x00000000d9a00000,0x00000000d9f00000)
 ParOldGen       total 87552K, used 12613K [0x0000000080a00000, 0x0000000085f80000, 0x00000000d5900000)
  object space 87552K, 14% used [0x0000000080a00000,0x0000000081651778,0x0000000085f80000)
 Metaspace       used 18434K, capacity 18902K, committed 19200K, reserved 1067008K
  class space    used 2122K, capacity 2238K, committed 2304K, reserved 1048576K
}
Event: 4.810 GC heap before
{Heap before GC invocations=5 (full 0):
 PSYoungGen      total 71680K, used 17276K [0x00000000d5900000, 0x00000000da400000, 0x0000000100000000)
  eden space 66560K, 18% used [0x00000000d5900000,0x00000000d64e3a08,0x00000000d9a00000)
  from space 5120K, 99% used [0x00000000d9f00000,0x00000000da3fb620,0x00000000da400000)
  to   space 5120K, 0% used [0x00000000d9a00000,0x00000000d9a00000,0x00000000d9f00000)
 ParOldGen       total 87552K, used 12613K [0x0000000080a00000, 0x0000000085f80000, 0x00000000d5900000)
  object space 87552K, 14% used [0x0000000080a00000,0x0000000081651778,0x0000000085f80000)
 Metaspace       used 20743K, capacity 21198K, committed 21248K, reserved 1069056K
  class space    used 2402K, capacity 2534K, committed 2560K, reserved 1048576K
Event: 4.827 GC heap after
Heap after GC invocations=5 (full 0):
 PSYoungGen      total 71680K, used 5117K [0x00000000d5900000, 0x00000000da400000, 0x0000000100000000)
  eden space 66560K, 0% used [0x00000000d5900000,0x00000000d5900000,0x00000000d9a00000)
  from space 5120K, 99% used [0x00000000d9a00000,0x00000000d9eff630,0x00000000d9f00000)
  to   space 5120K, 0% used [0x00000000d9f00000,0x00000000d9f00000,0x00000000da400000)
 ParOldGen       total 87552K, used 13711K [0x0000000080a00000, 0x0000000085f80000, 0x00000000d5900000)
  object space 87552K, 15% used [0x0000000080a00000,0x0000000081763f80,0x0000000085f80000)
 Metaspace       used 20743K, capacity 21198K, committed 21248K, reserved 1069056K
  class space    used 2402K, capacity 2534K, committed 2560K, reserved 1048576K
}
Event: 4.827 GC heap before
{Heap before GC invocations=6 (full 1):
 PSYoungGen      total 71680K, used 5117K [0x00000000d5900000, 0x00000000da400000, 0x0000000100000000)
  eden space 66560K, 0% used [0x00000000d5900000,0x00000000d5900000,0x00000000d9a00000)
  from space 5120K, 99% used [0x00000000d9a00000,0x00000000d9eff630,0x00000000d9f00000)
  to   space 5120K, 0% used [0x00000000d9f00000,0x00000000d9f00000,0x00000000da400000)
 ParOldGen       total 87552K, used 13711K [0x0000000080a00000, 0x0000000085f80000, 0x00000000d5900000)
  object space 87552K, 15% used [0x0000000080a00000,0x0000000081763f80,0x0000000085f80000)
 Metaspace       used 20743K, capacity 21198K, committed 21248K, reserved 1069056K
  class space    used 2402K, capacity 2534K, committed 2560K, reserved 1048576K
Event: 4.908 GC heap after
Heap after GC invocations=6 (full 1):
 PSYoungGen      total 71680K, used 0K [0x00000000d5900000, 0x00000000da400000, 0x0000000100000000)
  eden space 66560K, 0% used [0x00000000d5900000,0x00000000d5900000,0x00000000d9a00000)
  from space 5120K, 0% used [0x00000000d9a00000,0x00000000d9a00000,0x00000000d9f00000)
  to   space 5120K, 0% used [0x00000000d9f00000,0x00000000d9f00000,0x00000000da400000)
 ParOldGen       total 68096K, used 13637K [0x0000000080a00000, 0x0000000084c80000, 0x00000000d5900000)
  object space 68096K, 20% used [0x0000000080a00000,0x00000000817516f8,0x0000000084c80000)
 Metaspace       used 20743K, capacity 21198K, committed 21248K, reserved 1069056K
  class space    used 2402K, capacity 2534K, committed 2560K, reserved 1048576K
}
Event: 7.268 GC heap before
{Heap before GC invocations=7 (full 1):
 PSYoungGen      total 71680K, used 66560K [0x00000000d5900000, 0x00000000da400000, 0x0000000100000000)
  eden space 66560K, 100% used [0x00000000d5900000,0x00000000d9a00000,0x00000000d9a00000)
  from space 5120K, 0% used [0x00000000d9a00000,0x00000000d9a00000,0x00000000d9f00000)
  to   space 5120K, 0% used [0x00000000d9f00000,0x00000000d9f00000,0x00000000da400000)
 ParOldGen       total 68096K, used 13637K [0x0000000080a00000, 0x0000000084c80000, 0x00000000d5900000)
  object space 68096K, 20% used [0x0000000080a00000,0x00000000817516f8,0x0000000084c80000)
 Metaspace       used 25901K, capacity 26534K, committed 26624K, reserved 1073152K
  class space    used 2877K, capacity 3049K, committed 3072K, reserved 1048576K
Event: 7.280 GC heap after
Heap after GC invocations=7 (full 1):
 PSYoungGen      total 63488K, used 5110K [0x00000000d5900000, 0x00000000dd700000, 0x0000000100000000)
  eden space 58368K, 0% used [0x00000000d5900000,0x00000000d5900000,0x00000000d9200000)
  from space 5120K, 99% used [0x00000000d9f00000,0x00000000da3fd918,0x00000000da400000)
  to   space 13312K, 0% used [0x00000000d9200000,0x00000000d9200000,0x00000000d9f00000)
 ParOldGen       total 68096K, used 18869K [0x0000000080a00000, 0x0000000084c80000, 0x00000000d5900000)
  object space 68096K, 27% used [0x0000000080a00000,0x0000000081c6d5b0,0x0000000084c80000)
 Metaspace       used 25901K, capacity 26534K, committed 26624K, reserved 1073152K
  class space    used 2877K, capacity 3049K, committed 3072K, reserved 1048576K
}

